<?xml version="1.0" encoding="UTF-8"?>
<!-- Generated by org.testng.reporters.JUnitReportReporter -->
<testsuite hostname="Raja" failures="0" tests="2" name="DataDrivenTesting.dataDrivenTest" time="30.340" errors="0" timestamp="2024-05-30T19:59:08 IST" skipped="0">
  <testcase classname="DataDrivenTesting.dataDrivenTest" name="testAjexForm" time="11.620"/>
  <system-out/>
  <testcase classname="DataDrivenTesting.dataDrivenTest" name="testAjexForm" time="18.720"/>
  <system-out/>
</testsuite> <!-- DataDrivenTesting.dataDrivenTest -->
