<?xml version="1.0" encoding="UTF-8"?>
<!-- Generated by org.testng.reporters.JUnitReportReporter -->
<testsuite hostname="Raja" failures="0" tests="1" name="RobotClass.PressKeys" time="5.540" errors="0" timestamp="2024-04-15T18:26:06 IST" skipped="0">
  <testcase classname="RobotClass.PressKeys" name="useRobotClass" time="5.540"/>
  <system-out/>
</testsuite> <!-- RobotClass.PressKeys -->
