<?xml version="1.0" encoding="UTF-8"?>
<!-- Generated by org.testng.reporters.JUnitReportReporter -->
<testsuite hostname="Raja" failures="0" tests="1" name="TestNG.Assertions.AssertionsTest" time="12.833" errors="0" timestamp="2024-04-25T20:02:51 IST" skipped="0">
  <testcase classname="TestNG.Assertions.AssertionsTest" name="testRadiobuttons" time="12.833"/>
  <system-out/>
</testsuite> <!-- TestNG.Assertions.AssertionsTest -->
