<?xml version="1.0" encoding="UTF-8"?>
<!-- Generated by org.testng.reporters.JUnitReportReporter -->
<testsuite hostname="Raja" failures="0" tests="1" name="DropDownElements.DropDownSelect" time="51.068" errors="0" timestamp="2024-06-10T09:49:03 IST" skipped="0">
  <testcase classname="DropDownElements.DropDownSelect" name="selctFromDropDownIndex" time="51.068"/>
  <system-out/>
</testsuite> <!-- DropDownElements.DropDownSelect -->
