<?xml version="1.0" encoding="UTF-8"?>
<!-- Generated by org.testng.reporters.JUnitReportReporter -->
<testsuite hostname="Raja" failures="0" tests="1" name="NavigationMethods.Navigation_Methods" time="6.796" errors="0" timestamp="2024-04-08T18:08:32 IST" skipped="0">
  <testcase classname="NavigationMethods.Navigation_Methods" name="navigation" time="6.796"/>
  <system-out/>
</testsuite> <!-- NavigationMethods.Navigation_Methods -->
