<?xml version="1.0" encoding="UTF-8"?>
<!-- Generated by org.testng.reporters.JUnitReportReporter -->
<testsuite hostname="Raja" failures="0" tests="1" name="ActionsMethods.DoubleClick" time="4.896" errors="0" timestamp="2024-04-15T18:10:07 IST" skipped="0">
  <testcase classname="ActionsMethods.DoubleClick" name="mouseDoubleClick" time="4.896"/>
  <system-out/>
</testsuite> <!-- ActionsMethods.DoubleClick -->
