<?xml version="1.0" encoding="UTF-8"?>
<!-- Generated by org.testng.reporters.JUnitReportReporter -->
<testsuite hostname="Raja" failures="0" tests="3" name="TestNG.Parameterized.parameterizeTest" time="4.909" errors="0" timestamp="2024-04-25T22:47:17 IST" skipped="0">
  <testcase classname="TestNG.Parameterized.parameterizeTest" name="testFileDownLoad" time="1.346"/>
  <system-out/>
  <testcase classname="TestNG.Parameterized.parameterizeTest" name="testFileDownLoad" time="2.162"/>
  <system-out/>
  <testcase classname="TestNG.Parameterized.parameterizeTest" name="testFileDownLoad" time="1.401"/>
  <system-out/>
</testsuite> <!-- TestNG.Parameterized.parameterizeTest -->
