<?xml version="1.0" encoding="UTF-8"?>
<!-- Generated by org.testng.reporters.JUnitReportReporter -->
<testsuite hostname="Raja" failures="0" tests="1" name="SwitchMethods.SwithMethods_Frames" time="11.344" errors="0" timestamp="2024-04-14T19:12:17 IST" skipped="0">
  <testcase classname="SwitchMethods.SwithMethods_Frames" name="switchToFrame_Index" time="11.344"/>
  <system-out/>
</testsuite> <!-- SwitchMethods.SwithMethods_Frames -->
