<?xml version="1.0" encoding="UTF-8"?>
<!-- Generated by org.testng.reporters.JUnitReportReporter -->
<testsuite hostname="Raja" failures="0" tests="1" name="WebElementMethods.WebElementMethod" time="16.940" errors="0" timestamp="2024-04-06T17:26:57 IST" skipped="0">
  <testcase classname="WebElementMethods.WebElementMethod" name="testIsDisplayedIsEnabled" time="16.940"/>
  <system-out/>
</testsuite> <!-- WebElementMethods.WebElementMethod -->
