<?xml version="1.0" encoding="UTF-8"?>
<!-- Generated by org.testng.reporters.JUnitReportReporter -->
<testsuite hostname="Raja" failures="0" tests="1" name="TestNG.DynamicWaits.DynamicWaits" time="12.728" errors="0" timestamp="2024-04-26T22:54:21 IST" skipped="0">
  <testcase classname="TestNG.DynamicWaits.DynamicWaits" name="implicitWait" time="12.728"/>
  <system-out/>
</testsuite> <!-- TestNG.DynamicWaits.DynamicWaits -->
