<?xml version="1.0" encoding="UTF-8"?>
<!-- Generated by org.testng.reporters.JUnitReportReporter -->
<testsuite hostname="Raja" failures="0" tests="1" name="TECH_AND_MORE.javaScriptExecutor" time="39.367" errors="0" timestamp="2024-08-07T11:06:56 IST" skipped="0">
  <testcase classname="TECH_AND_MORE.javaScriptExecutor" name="demo1" time="39.367"/>
  <system-out/>
</testsuite> <!-- TECH_AND_MORE.javaScriptExecutor -->
