<?xml version="1.0" encoding="UTF-8"?>
<!-- Generated by org.testng.reporters.JUnitReportReporter -->
<testsuite hostname="Raja" failures="0" tests="3" name="ActionsMethods.rangeSlider" time="5.449" errors="0" timestamp="2024-04-15T16:27:36 IST" skipped="2">
  <testcase classname="ActionsMethods.rangeSlider" name="dragAndDropByVerticallyUp" time="5.449"/>
  <system-out/>
  <testcase classname="ActionsMethods.rangeSlider" name="sliderLeft">
    <skipped/>
  </testcase> <!-- sliderLeft -->
  <system-out/>
  <testcase classname="ActionsMethods.rangeSlider" name="silderRight">
    <skipped/>
  </testcase> <!-- silderRight -->
  <system-out/>
</testsuite> <!-- ActionsMethods.rangeSlider -->
