<?xml version="1.0" encoding="UTF-8"?>
<!-- Generated by org.testng.reporters.JUnitReportReporter -->
<testsuite hostname="Raja" failures="0" tests="3" name="SwitchMethods.SwitchToAlerts" time="21.690" errors="0" timestamp="2024-04-30T11:08:24 IST" skipped="0">
  <testcase classname="SwitchMethods.SwitchToAlerts" name="switchToInformationAlerts" time="10.569"/>
  <system-out/>
  <testcase classname="SwitchMethods.SwitchToAlerts" name="swithToConfirmation" time="6.038"/>
  <system-out/>
  <testcase classname="SwitchMethods.SwitchToAlerts" name="switchToPromptAlert" time="5.083"/>
  <system-out/>
</testsuite> <!-- SwitchMethods.SwitchToAlerts -->
