<?xml version="1.0" encoding="UTF-8"?>
<!-- Generated by org.testng.reporters.JUnitReportReporter -->
<testsuite hostname="Raja" failures="0" tests="1" name="TestNG.TakeScreenShot.TakeFailedScreenShot" time="5.193" errors="0" timestamp="2024-04-26T20:07:38 IST" skipped="0">
  <testcase classname="TestNG.TakeScreenShot.TakeFailedScreenShot" name="testSimpleFormDemo" time="5.193"/>
  <system-out/>
</testsuite> <!-- TestNG.TakeScreenShot.TakeFailedScreenShot -->
