<?xml version="1.0" encoding="UTF-8"?>
<!-- Generated by org.testng.reporters.JUnitReportReporter -->
<testsuite hostname="Raja" failures="0" tests="1" name="ActionsMethods.EnterAllCaps" time="5.693" errors="0" timestamp="2024-04-15T15:21:31 IST" skipped="0">
  <testcase classname="ActionsMethods.EnterAllCaps" name="enterInSearch_Actions" time="5.693"/>
  <system-out/>
</testsuite> <!-- ActionsMethods.EnterAllCaps -->
