<?xml version="1.0" encoding="UTF-8"?>
<!-- Generated by org.testng.reporters.JUnitReportReporter -->
<testsuite hostname="Raja" failures="0" tests="2" name="ActionsMethods.MouseClick" time="7.984" errors="0" timestamp="2024-04-15T17:50:05 IST" skipped="0">
  <testcase classname="ActionsMethods.MouseClick" name="leftClickButton" time="4.301"/>
  <system-out/>
  <testcase classname="ActionsMethods.MouseClick" name="rightClick" time="3.683"/>
  <system-out/>
</testsuite> <!-- ActionsMethods.MouseClick -->
