<?xml version="1.0" encoding="UTF-8"?>
<!-- Generated by org.testng.reporters.JUnitReportReporter -->
<testsuite hostname="Raja" failures="0" tests="2" name="TestNG.ConfiguartionsAnnotations_2_ListBox" time="0.007" errors="0" timestamp="2024-04-23T23:17:03 IST" skipped="0">
  <testcase classname="TestNG.ConfiguartionsAnnotations_2_ListBox" name="test_4JQeryListBox" time="0.003"/>
  <system-out/>
  <testcase classname="TestNG.ConfiguartionsAnnotations_2_ListBox" name="test_3BootstrapListBox" time="0.004"/>
  <system-out/>
</testsuite> <!-- TestNG.ConfiguartionsAnnotations_2_ListBox -->
