<?xml version="1.0" encoding="UTF-8"?>
<!-- Generated by org.testng.reporters.JUnitReportReporter -->
<testsuite hostname="Raja" failures="0" tests="2" name="DropDownElements.DropDown_Select" time="4.903" errors="0" timestamp="2024-04-06T18:01:54 IST" skipped="0">
  <testcase classname="DropDownElements.DropDown_Select" name="AccesEmployeeList" time="4.207"/>
  <system-out/>
  <testcase classname="DropDownElements.DropDown_Select" name="selectDropDown" time="0.696"/>
  <system-out/>
</testsuite> <!-- DropDownElements.DropDown_Select -->
