<?xml version="1.0" encoding="UTF-8"?>
<!-- Generated by org.testng.reporters.JUnitReportReporter -->
<testsuite hostname="Raja" failures="0" tests="1" name="FlipCart.GetProductName" time="73.053" errors="0" timestamp="2024-08-12T22:38:12 IST" skipped="0">
  <testcase classname="FlipCart.GetProductName" name="getProductNames" time="73.053"/>
  <system-out/>
</testsuite> <!-- FlipCart.GetProductName -->
