<?xml version="1.0" encoding="UTF-8"?>
<!-- Generated by org.testng.reporters.JUnitReportReporter -->
<testsuite hostname="Raja" failures="0" tests="1" name="SwitchMethods.SwitchToWindow" time="10.562" errors="0" timestamp="2024-04-14T20:21:20 IST" skipped="0">
  <testcase classname="SwitchMethods.SwitchToWindow" name="newWindow" time="10.562"/>
  <system-out/>
</testsuite> <!-- SwitchMethods.SwitchToWindow -->
