<?xml version="1.0" encoding="UTF-8"?>
<!-- Generated by org.testng.reporters.JUnitReportReporter -->
<testsuite hostname="Raja" failures="0" tests="1" name="ActionsMethods.DragAndDrop" time="5.236" errors="0" timestamp="2024-04-15T15:36:09 IST" skipped="0">
  <testcase classname="ActionsMethods.DragAndDrop" name="dragAndDrop" time="5.236"/>
  <system-out/>
</testsuite> <!-- ActionsMethods.DragAndDrop -->
