<?xml version="1.0" encoding="UTF-8"?>
<!-- Generated by org.testng.reporters.JUnitReportReporter -->
<testsuite hostname="Raja" failures="0" tests="1" name="TestNG.ConfiguartionsAnnotations_1DatePikers" time="0.009" errors="0" timestamp="2024-04-23T23:17:03 IST" skipped="0">
  <testcase classname="TestNG.ConfiguartionsAnnotations_1DatePikers" name="test_2JQeryDatePicker" time="0.009"/>
  <system-out/>
</testsuite> <!-- TestNG.ConfiguartionsAnnotations_1DatePikers -->
