<?xml version="1.0" encoding="UTF-8"?>
<!-- Generated by org.testng.reporters.JUnitReportReporter -->
<testsuite hostname="Raja" failures="0" tests="2" name="TestNG.AutomatedTest.First_Automated_test" time="9.357" errors="0" timestamp="2024-04-24T00:03:20 IST" skipped="0">
  <testcase classname="TestNG.AutomatedTest.First_Automated_test" name="testTableSortAndSearch" time="6.617"/>
  <system-out/>
  <testcase classname="TestNG.AutomatedTest.First_Automated_test" name="testBootStrapDatePicker" time="2.740"/>
  <system-out/>
</testsuite> <!-- TestNG.AutomatedTest.First_Automated_test -->
