<?xml version="1.0" encoding="UTF-8"?>
<!-- Generated by org.testng.reporters.JUnitReportReporter -->
<testsuite hostname="Raja" failures="0" tests="1" name="DropDownElements.DropDown_get" time="0.005" errors="0" timestamp="2024-04-08T12:40:17 IST" skipped="0">
  <testcase classname="DropDownElements.DropDown_get" name="getFirstSelectedOption" time="0.005"/>
  <system-out/>
</testsuite> <!-- DropDownElements.DropDown_get -->
