<?xml version="1.0" encoding="UTF-8"?>
<!-- Generated by org.testng.reporters.JUnitReportReporter -->
<testsuite hostname="Raja" failures="0" tests="1" name="TECH_AND_MORE.ExceptionHandling" time="18.197" errors="0" timestamp="2024-08-07T13:58:59 IST" skipped="0">
  <testcase classname="TECH_AND_MORE.ExceptionHandling" name="demo" time="18.197"/>
  <system-out/>
</testsuite> <!-- TECH_AND_MORE.ExceptionHandling -->
