<?xml version="1.0" encoding="UTF-8"?>
<!-- Generated by org.testng.reporters.JUnitReportReporter -->
<testsuite hostname="Raja" failures="0" tests="3" name="DropDownElements.DropDownDemo1" time="24.108" errors="0" timestamp="2024-04-08T12:33:26 IST" skipped="0">
  <testcase classname="DropDownElements.DropDownDemo1" name="selectFromDropDownVb" time="8.276"/>
  <system-out/>
  <testcase classname="DropDownElements.DropDownDemo1" name="selctFromDropDownValue" time="8.144"/>
  <system-out/>
  <testcase classname="DropDownElements.DropDownDemo1" name="selctFromDropDownIndex" time="7.688"/>
  <system-out/>
</testsuite> <!-- DropDownElements.DropDownDemo1 -->
