<?xml version="1.0" encoding="UTF-8"?>
<!-- Generated by org.testng.reporters.JUnitReportReporter -->
<testsuite hostname="Raja" failures="0" tests="2" name="DataDrivenTesting.dataDrivenTest" time="6.747" errors="0" timestamp="2024-07-11T23:08:36 IST" skipped="0">
  <testcase classname="DataDrivenTesting.dataDrivenTest" name="testAjexForm" time="3.084"/>
  <system-out/>
  <testcase classname="DataDrivenTesting.dataDrivenTest" name="testAjexForm" time="3.663"/>
  <system-out/>
</testsuite> <!-- DataDrivenTesting.dataDrivenTest -->
