<?xml version="1.0" encoding="UTF-8"?>
<!-- Generated by org.testng.reporters.JUnitReportReporter -->
<testsuite hostname="Raja" failures="0" tests="2" name="TestNG.Assertions.AssertionsTest" time="11.797" errors="0" timestamp="2024-07-11T23:08:36 IST" skipped="0">
  <testcase classname="TestNG.Assertions.AssertionsTest" name="testRadiobuttons" time="6.151"/>
  <system-out/>
  <testcase classname="TestNG.Assertions.AssertionsTest" name="testSingleCheckBoxes" time="5.646"/>
  <system-out/>
</testsuite> <!-- TestNG.Assertions.AssertionsTest -->
